<?xml version="1.0" encoding="UTF-8"?>
<!-- Generated by org.testng.reporters.JUnitReportReporter -->
<testsuite name="com.uiTestFramework.testScripts.SampleTest001" tests="1" time="0.294" ignored="0" failures="0" timestamp="25 Dec 2018 11:55:49 GMT" skipped="0" hostname="PICKU-PC" errors="0">
  <testcase name="test0001" time="0.294" classname="com.uiTestFramework.testScripts.SampleTest001"/>
</testsuite> <!-- com.uiTestFramework.testScripts.SampleTest001 -->
