<?xml version="1.0" encoding="UTF-8"?>
<!-- Generated by org.testng.reporters.JUnitReportReporter -->
<testsuite skipped="0" hostname="PICKU-PC" name="com.uiTestFramework.testScripts.SampleTest1" tests="1" failures="0" timestamp="24 Dec 2018 07:26:04 GMT" time="0.016" errors="0">
  <testcase name="foo1" time="0.016" classname="com.uiTestFramework.testScripts.SampleTest1"/>
</testsuite> <!-- com.uiTestFramework.testScripts.SampleTest1 -->
